TN:
SF:src/funciones.ts
FN:7,leerFunkos
FN:22,addFunko
FN:75,eliminarFunko
FN:112,modificarFunko
FN:174,listaFunkos
FN:217,mostrarFunko
FNF:6
FNH:6
FNDA:3,leerFunkos
FNDA:8,addFunko
FNDA:3,eliminarFunko
FNDA:5,modificarFunko
FNDA:3,listaFunkos
FNDA:7,mostrarFunko
DA:1,1
DA:2,1
DA:3,1
DA:4,1
DA:5,1
DA:6,1
DA:7,1
DA:8,3
DA:9,3
DA:10,3
DA:11,3
DA:12,3
DA:13,6
DA:14,6
DA:15,6
DA:16,3
DA:17,3
DA:18,3
DA:19,3
DA:20,1
DA:21,1
DA:22,1
DA:23,8
DA:24,8
DA:25,8
DA:26,8
DA:27,1
DA:28,1
DA:29,1
DA:30,8
DA:31,8
DA:32,8
DA:33,13
DA:34,13
DA:35,13
DA:36,1
DA:37,1
DA:38,1
DA:39,1
DA:40,8
DA:41,8
DA:42,7
DA:43,7
DA:44,7
DA:45,7
DA:46,35
DA:47,6
DA:48,6
DA:49,7
DA:50,7
DA:51,1
DA:52,1
DA:53,1
DA:54,6
DA:55,6
DA:56,6
DA:57,6
DA:58,36
DA:59,5
DA:60,5
DA:61,6
DA:62,7
DA:63,1
DA:64,1
DA:65,1
DA:66,5
DA:67,5
DA:68,5
DA:69,5
DA:70,5
DA:71,6
DA:72,6
DA:73,1
DA:74,1
DA:75,1
DA:76,3
DA:77,3
DA:78,3
DA:79,3
DA:80,1
DA:81,1
DA:82,1
DA:83,2
DA:84,2
DA:85,2
DA:86,2
DA:87,2
DA:88,2
DA:89,9
DA:90,9
DA:91,9
DA:92,1
DA:93,1
DA:94,1
DA:95,1
DA:96,2
DA:97,2
DA:98,3
DA:99,1
DA:100,1
DA:101,1
DA:102,1
DA:103,1
DA:104,1
DA:105,1
DA:106,1
DA:107,1
DA:108,3
DA:109,3
DA:110,1
DA:111,1
DA:112,1
DA:113,5
DA:114,5
DA:115,5
DA:116,5
DA:117,1
DA:118,1
DA:119,1
DA:120,4
DA:121,4
DA:122,4
DA:123,4
DA:124,4
DA:125,4
DA:126,4
DA:127,4
DA:128,4
DA:129,3
DA:130,3
DA:131,3
DA:132,3
DA:133,4
DA:134,4
DA:135,5
DA:136,1
DA:137,1
DA:138,1
DA:139,3
DA:140,3
DA:141,3
DA:142,3
DA:143,15
DA:144,2
DA:145,2
DA:146,3
DA:147,3
DA:148,1
DA:149,1
DA:150,1
DA:151,2
DA:152,2
DA:153,2
DA:154,2
DA:155,12
DA:156,1
DA:157,1
DA:158,2
DA:159,3
DA:160,1
DA:161,1
DA:162,1
DA:163,1
DA:164,1
DA:165,1
DA:166,1
DA:167,1
DA:168,1
DA:169,1
DA:170,1
DA:171,5
DA:172,5
DA:173,1
DA:174,1
DA:175,3
DA:176,3
DA:177,3
DA:178,3
DA:179,1
DA:180,1
DA:181,1
DA:182,2
DA:183,3
DA:184,1
DA:185,1
DA:186,1
DA:187,1
DA:188,1
DA:189,5
DA:190,5
DA:191,5
DA:192,5
DA:193,5
DA:194,5
DA:195,5
DA:196,5
DA:197,5
DA:198,5
DA:199,5
DA:200,1
DA:201,1
DA:202,4
DA:203,1
DA:204,1
DA:205,3
DA:206,2
DA:207,2
DA:208,1
DA:209,1
DA:210,1
DA:211,5
DA:212,1
DA:213,1
DA:214,1
DA:215,1
DA:216,1
DA:217,1
DA:218,7
DA:219,7
DA:220,7
DA:221,7
DA:222,7
DA:223,1
DA:224,1
DA:225,1
DA:226,6
DA:227,6
DA:228,6
DA:229,6
DA:230,30
DA:231,30
DA:232,30
DA:233,5
DA:234,5
DA:235,5
DA:236,5
DA:237,5
DA:238,5
DA:239,5
DA:240,5
DA:241,5
DA:242,5
DA:243,5
DA:244,5
DA:245,5
DA:246,5
DA:247,1
DA:248,1
DA:249,4
DA:250,1
DA:251,1
DA:252,3
DA:253,2
DA:254,2
DA:255,1
DA:256,1
DA:257,1
DA:258,5
DA:259,5
DA:260,5
DA:261,30
DA:262,6
DA:263,7
DA:264,1
DA:265,1
DA:266,1
DA:267,5
DA:268,5
DA:269,5
DA:270,7
LF:270
LH:270
BRDA:7,0,0,3
BRDA:12,1,0,6
BRDA:22,2,0,8
BRDA:26,3,0,1
BRDA:41,4,0,7
BRDA:50,5,0,1
BRDA:54,6,0,6
BRDA:62,7,0,1
BRDA:66,8,0,5
BRDA:71,9,0,6
BRDA:32,10,0,13
BRDA:35,11,0,1
BRDA:45,12,0,35
BRDA:46,13,0,6
BRDA:57,14,0,36
BRDA:58,15,0,5
BRDA:75,16,0,3
BRDA:79,17,0,1
BRDA:83,18,0,2
BRDA:98,19,0,1
BRDA:88,20,0,9
BRDA:91,21,0,1
BRDA:112,22,0,5
BRDA:116,23,0,1
BRDA:120,24,0,4
BRDA:135,25,0,1
BRDA:139,26,0,3
BRDA:147,27,0,1
BRDA:151,28,0,2
BRDA:159,29,0,1
BRDA:125,30,0,4
BRDA:128,31,0,3
BRDA:142,32,0,15
BRDA:143,33,0,2
BRDA:154,34,0,12
BRDA:155,35,0,1
BRDA:174,36,0,3
BRDA:178,37,0,1
BRDA:182,38,0,2
BRDA:183,39,0,1
BRDA:188,40,0,5
BRDA:199,41,0,1
BRDA:202,42,0,4
BRDA:202,43,0,1
BRDA:205,44,0,3
BRDA:205,45,0,2
BRDA:207,46,0,1
BRDA:217,47,0,7
BRDA:222,48,0,1
BRDA:226,49,0,6
BRDA:263,50,0,1
BRDA:267,51,0,5
BRDA:229,52,0,30
BRDA:232,53,0,5
BRDA:232,54,0,5
BRDA:246,55,0,1
BRDA:249,56,0,4
BRDA:249,57,0,1
BRDA:252,58,0,3
BRDA:252,59,0,2
BRDA:254,60,0,1
BRF:61
BRH:61
end_of_record
TN:
SF:src/funko.ts
FN:15,<instance_members_initializer>
FN:28,Funko
FN:43,get getID
FN:47,set setID
FN:51,get getNombre
FN:55,set setNombre
FN:59,get getDescripcion
FN:63,set setDescripcion
FN:67,get getTipo
FN:71,set setTipo
FN:75,get getGenero
FN:79,set setGenero
FN:83,get getFranquicia
FN:87,set setFranquicia
FN:91,get getNumero
FN:95,set setNumero
FN:99,get getExclusivo
FN:103,set setExclusivo
FN:107,get getCaracteristicasEspeciales
FN:111,set setCaracteristicasEspeciales
FN:115,get getValorMercado
FN:119,set setValorMercado
FNF:22
FNH:22
FNDA:18,<instance_members_initializer>
FNDA:18,Funko
FNDA:12,get getID
FNDA:1,set setID
FNDA:12,get getNombre
FNDA:1,set setNombre
FNDA:12,get getDescripcion
FNDA:1,set setDescripcion
FNDA:12,get getTipo
FNDA:1,set setTipo
FNDA:12,get getGenero
FNDA:1,set setGenero
FNDA:12,get getFranquicia
FNDA:1,set setFranquicia
FNDA:12,get getNumero
FNDA:1,set setNumero
FNDA:12,get getExclusivo
FNDA:1,set setExclusivo
FNDA:12,get getCaracteristicasEspeciales
FNDA:1,set setCaracteristicasEspeciales
FNDA:50,get getValorMercado
FNDA:1,set setValorMercado
DA:1,1
DA:2,1
DA:3,1
DA:4,1
DA:5,1
DA:6,1
DA:7,1
DA:8,1
DA:9,1
DA:10,1
DA:11,1
DA:12,1
DA:13,1
DA:14,1
DA:15,1
DA:16,18
DA:17,18
DA:18,18
DA:19,18
DA:20,18
DA:21,18
DA:22,18
DA:23,18
DA:24,18
DA:25,18
DA:26,18
DA:27,18
DA:28,18
DA:29,18
DA:30,18
DA:31,18
DA:32,18
DA:33,18
DA:34,18
DA:35,18
DA:36,18
DA:37,18
DA:38,18
DA:39,18
DA:40,18
DA:41,18
DA:42,18
DA:43,18
DA:44,12
DA:45,12
DA:46,18
DA:47,18
DA:48,1
DA:49,1
DA:50,18
DA:51,18
DA:52,12
DA:53,12
DA:54,18
DA:55,18
DA:56,1
DA:57,1
DA:58,18
DA:59,18
DA:60,12
DA:61,12
DA:62,18
DA:63,18
DA:64,1
DA:65,1
DA:66,18
DA:67,18
DA:68,12
DA:69,12
DA:70,18
DA:71,18
DA:72,1
DA:73,1
DA:74,18
DA:75,18
DA:76,12
DA:77,12
DA:78,18
DA:79,18
DA:80,1
DA:81,1
DA:82,18
DA:83,18
DA:84,12
DA:85,12
DA:86,18
DA:87,18
DA:88,1
DA:89,1
DA:90,18
DA:91,18
DA:92,12
DA:93,12
DA:94,18
DA:95,18
DA:96,1
DA:97,1
DA:98,18
DA:99,18
DA:100,12
DA:101,12
DA:102,18
DA:103,18
DA:104,1
DA:105,1
DA:106,18
DA:107,18
DA:108,12
DA:109,12
DA:110,18
DA:111,18
DA:112,1
DA:113,1
DA:114,18
DA:115,18
DA:116,50
DA:117,50
DA:118,18
DA:119,18
DA:120,1
DA:121,1
DA:122,18
DA:123,18
LF:123
LH:123
BRDA:15,0,0,18
BRDA:28,1,0,18
BRDA:43,2,0,12
BRDA:47,3,0,1
BRDA:51,4,0,12
BRDA:55,5,0,1
BRDA:59,6,0,12
BRDA:63,7,0,1
BRDA:67,8,0,12
BRDA:71,9,0,1
BRDA:75,10,0,12
BRDA:79,11,0,1
BRDA:83,12,0,12
BRDA:87,13,0,1
BRDA:91,14,0,12
BRDA:95,15,0,1
BRDA:99,16,0,12
BRDA:103,17,0,1
BRDA:107,18,0,12
BRDA:111,19,0,1
BRDA:115,20,0,50
BRDA:119,21,0,1
BRF:22
BRH:22
end_of_record
TN:
SF:src/types.ts
FNF:0
FNH:0
DA:1,1
DA:2,1
DA:3,1
DA:4,1
DA:5,1
DA:6,1
DA:7,1
DA:8,1
DA:9,1
DA:10,1
DA:11,1
DA:12,1
DA:13,1
DA:14,1
DA:15,1
DA:16,1
LF:16
LH:16
BRDA:1,0,0,1
BRDA:9,1,0,1
BRF:2
BRH:2
end_of_record
TN:
SF:src/modificacion/cliente.ts
FN:12,clientCode
FNF:1
FNH:1
FNDA:4,clientCode
DA:1,1
DA:2,1
DA:3,1
DA:4,1
DA:5,1
DA:6,1
DA:7,1
DA:8,1
DA:9,1
DA:10,1
DA:11,1
DA:12,1
DA:13,4
DA:14,4
DA:15,4
DA:16,4
DA:17,1
DA:18,1
DA:19,1
LF:19
LH:19
BRDA:12,0,0,4
BRF:1
BRH:1
end_of_record
TN:
SF:src/modificacion/leer.ts
FN:12,<instance_members_initializer>
FN:22,Leer
FN:32,run
FN:48,hook1
FN:55,hook2
FNF:5
FNH:5
FNDA:6,<instance_members_initializer>
FNDA:6,Leer
FNDA:6,run
FNDA:6,hook1
FNDA:6,hook2
DA:1,1
DA:2,1
DA:3,1
DA:4,1
DA:5,1
DA:6,1
DA:7,1
DA:8,1
DA:9,1
DA:10,1
DA:11,1
DA:12,1
DA:13,6
DA:14,6
DA:15,6
DA:16,6
DA:17,6
DA:18,6
DA:19,6
DA:20,6
DA:21,6
DA:22,6
DA:23,6
DA:24,6
DA:25,6
DA:26,6
DA:27,6
DA:28,6
DA:29,6
DA:30,6
DA:31,6
DA:32,6
DA:33,6
DA:34,6
DA:35,6
DA:36,6
DA:37,6
DA:38,6
DA:39,6
DA:40,6
DA:41,6
DA:42,6
DA:43,6
DA:44,6
DA:45,6
DA:46,6
DA:47,6
DA:48,6
DA:49,6
DA:50,6
DA:51,6
DA:52,6
DA:53,6
DA:54,6
DA:55,6
DA:56,6
DA:57,6
DA:58,6
DA:59,6
DA:60,6
LF:60
LH:60
BRDA:12,0,0,6
BRDA:22,1,0,6
BRDA:32,2,0,6
BRDA:48,3,0,6
BRDA:55,4,0,6
BRF:5
BRH:5
end_of_record
TN:
SF:src/modificacion/leerCSV.ts
FN:11,LeerCSV
FN:19,procesar
FNF:2
FNH:2
FNDA:3,LeerCSV
FNDA:3,procesar
DA:1,1
DA:2,1
DA:3,1
DA:4,1
DA:5,1
DA:6,1
DA:7,1
DA:8,1
DA:9,1
DA:10,1
DA:11,1
DA:12,3
DA:13,3
DA:14,1
DA:15,1
DA:16,1
DA:17,1
DA:18,1
DA:19,1
DA:20,3
DA:21,3
DA:22,3
DA:23,15
DA:24,15
DA:25,15
DA:26,15
DA:27,3
DA:28,3
DA:29,1
LF:29
LH:29
BRDA:11,0,0,3
BRDA:19,1,0,3
BRDA:22,2,0,15
BRF:3
BRH:3
end_of_record
TN:
SF:src/modificacion/leerJSON.ts
FN:13,LeerJSON
FN:21,procesar
FNF:2
FNH:2
FNDA:3,LeerJSON
FNDA:3,procesar
DA:1,1
DA:2,1
DA:3,1
DA:4,1
DA:5,1
DA:6,1
DA:7,1
DA:8,1
DA:9,1
DA:10,1
DA:11,1
DA:12,1
DA:13,1
DA:14,3
DA:15,3
DA:16,1
DA:17,1
DA:18,1
DA:19,1
DA:20,1
DA:21,1
DA:22,3
DA:23,3
DA:24,3
DA:25,3
DA:26,15
DA:27,15
DA:28,15
DA:29,3
DA:30,3
DA:31,1
LF:31
LH:31
BRDA:13,0,0,3
BRDA:21,1,0,3
BRDA:25,2,0,15
BRF:3
BRH:3
end_of_record
