TN:
SF:src/basicFunctions.ts
FN:10,add
FNF:1
FNH:1
FNDA:2,add
DA:1,1
DA:2,1
DA:3,1
DA:4,1
DA:5,1
DA:6,1
DA:7,1
DA:8,1
DA:9,1
DA:10,1
DA:11,2
DA:12,2
LF:12
LH:12
BRDA:10,0,0,2
BRF:1
BRH:1
end_of_record
TN:
SF:src/modificacion/cliente.ts
FN:12,clientCode
FNF:1
FNH:1
FNDA:4,clientCode
DA:1,1
DA:2,1
DA:3,1
DA:4,1
DA:5,1
DA:6,1
DA:7,1
DA:8,1
DA:9,1
DA:10,1
DA:11,1
DA:12,1
DA:13,4
DA:14,4
DA:15,4
DA:16,4
DA:17,1
DA:18,1
DA:19,1
LF:19
LH:19
BRDA:12,0,0,4
BRF:1
BRH:1
end_of_record
TN:
SF:src/modificacion/leer.ts
FN:12,<instance_members_initializer>
FN:18,Leer
FN:28,run
FN:43,hook1
FN:50,hook2
FNF:5
FNH:5
FNDA:6,<instance_members_initializer>
FNDA:6,Leer
FNDA:6,run
FNDA:6,hook1
FNDA:6,hook2
DA:1,1
DA:2,1
DA:3,1
DA:4,1
DA:5,1
DA:6,1
DA:7,1
DA:8,1
DA:9,1
DA:10,1
DA:11,1
DA:12,1
DA:13,6
DA:14,6
DA:15,6
DA:16,6
DA:17,6
DA:18,6
DA:19,6
DA:20,6
DA:21,6
DA:22,6
DA:23,6
DA:24,6
DA:25,6
DA:26,6
DA:27,6
DA:28,6
DA:29,6
DA:30,6
DA:31,6
DA:32,6
DA:33,6
DA:34,6
DA:35,6
DA:36,6
DA:37,6
DA:38,6
DA:39,6
DA:40,6
DA:41,6
DA:42,6
DA:43,6
DA:44,6
DA:45,6
DA:46,6
DA:47,6
DA:48,6
DA:49,6
DA:50,6
DA:51,6
DA:52,6
DA:53,6
DA:54,6
DA:55,6
LF:55
LH:55
BRDA:12,0,0,6
BRDA:18,1,0,6
BRDA:28,2,0,6
BRDA:43,3,0,6
BRDA:50,4,0,6
BRF:5
BRH:5
end_of_record
TN:
SF:src/modificacion/leerCSV.ts
FN:5,LeerCSV
FN:9,procesar
FNF:2
FNH:2
FNDA:3,LeerCSV
FNDA:3,procesar
DA:1,1
DA:2,1
DA:3,1
DA:4,1
DA:5,1
DA:6,3
DA:7,3
DA:8,1
DA:9,1
DA:10,3
DA:11,3
DA:12,3
DA:13,15
DA:14,15
DA:15,15
DA:16,15
DA:17,3
DA:18,3
DA:19,1
LF:19
LH:19
BRDA:5,0,0,3
BRDA:9,1,0,3
BRDA:12,2,0,15
BRF:3
BRH:3
end_of_record
TN:
SF:src/modificacion/leerJSON.ts
FN:9,LeerJSON
FN:16,procesar
FNF:2
FNH:2
FNDA:3,LeerJSON
FNDA:3,procesar
DA:1,1
DA:2,1
DA:3,1
DA:4,1
DA:5,1
DA:6,1
DA:7,1
DA:8,1
DA:9,1
DA:10,3
DA:11,3
DA:12,1
DA:13,1
DA:14,1
DA:15,1
DA:16,1
DA:17,3
DA:18,3
DA:19,3
DA:20,3
DA:21,15
DA:22,15
DA:23,15
DA:24,3
DA:25,3
DA:26,1
LF:26
LH:26
BRDA:9,0,0,3
BRDA:16,1,0,3
BRDA:20,2,0,15
BRF:3
BRH:3
end_of_record
